Release 14.7 - xst P.20131013 (nt)
Copyright (c) 1995-2013 Xilinx, Inc.  All rights reserved.
--> Parameter TMPDIR set to xst/projnav.tmp


Total REAL time to Xst completion: 0.00 secs
Total CPU time to Xst completion: 0.28 secs
 
--> Parameter xsthdpdir set to xst


Total REAL time to Xst completion: 0.00 secs
Total CPU time to Xst completion: 0.28 secs
 
--> Reading design: clk_mod.prj

TABLE OF CONTENTS
  1) Synthesis Options Summary
  2) HDL Compilation
  3) Design Hierarchy Analysis
  4) HDL Analysis
  5) HDL Synthesis
     5.1) HDL Synthesis Report
  6) Advanced HDL Synthesis
     6.1) Advanced HDL Synthesis Report
  7) Low Level Synthesis
  8) Partition Report
  9) Final Report
	9.1) Device utilization summary
	9.2) Partition Resource Summary
	9.3) TIMING REPORT


=========================================================================
*                      Synthesis Options Summary                        *
=========================================================================
---- Source Parameters
Input File Name                    : "clk_mod.prj"
Input Format                       : mixed
Ignore Synthesis Constraint File   : NO

---- Target Parameters
Output File Name                   : "clk_mod"
Output Format                      : NGC
Target Device                      : xc3s200-5-ft256

---- Source Options
Top Module Name                    : clk_mod
Automatic FSM Extraction           : YES
FSM Encoding Algorithm             : Auto
Safe Implementation                : No
FSM Style                          : LUT
RAM Extraction                     : Yes
RAM Style                          : Auto
ROM Extraction                     : Yes
Mux Style                          : Auto
Decoder Extraction                 : YES
Priority Encoder Extraction        : Yes
Shift Register Extraction          : YES
Logical Shifter Extraction         : YES
XOR Collapsing                     : YES
ROM Style                          : Auto
Mux Extraction                     : Yes
Resource Sharing                   : YES
Asynchronous To Synchronous        : NO
Multiplier Style                   : Auto
Automatic Register Balancing       : No

---- Target Options
Add IO Buffers                     : YES
Global Maximum Fanout              : 100000
Add Generic Clock Buffer(BUFG)     : 8
Register Duplication               : YES
Slice Packing                      : YES
Optimize Instantiated Primitives   : NO
Use Clock Enable                   : Yes
Use Synchronous Set                : Yes
Use Synchronous Reset              : Yes
Pack IO Registers into IOBs        : Auto
Equivalent register Removal        : YES

---- General Options
Optimization Goal                  : Speed
Optimization Effort                : 1
Keep Hierarchy                     : No
Netlist Hierarchy                  : As_Optimized
RTL Output                         : Yes
Global Optimization                : AllClockNets
Read Cores                         : YES
Write Timing Constraints           : NO
Cross Clock Analysis               : NO
Hierarchy Separator                : /
Bus Delimiter                      : <>
Case Specifier                     : Maintain
Slice Utilization Ratio            : 100
BRAM Utilization Ratio             : 100
Verilog 2001                       : YES
Auto BRAM Packing                  : NO
Slice Utilization Ratio Delta      : 5

=========================================================================


=========================================================================
*                          HDL Compilation                              *
=========================================================================
Compiling vhdl file "E:/ISE/Trabajo/Frecuencimentro/RelojEscalado.vhd" in Library work.
Entity <clk_mod> compiled.
Entity <clk_mod> (Architecture <Behavioral>) compiled.

=========================================================================
*                     Design Hierarchy Analysis                         *
=========================================================================
Analyzing hierarchy for entity <clk_mod> in library <work> (architecture <Behavioral>).


=========================================================================
*                            HDL Analysis                               *
=========================================================================
Analyzing Entity <clk_mod> in library <work> (Architecture <Behavioral>).
Entity <clk_mod> analyzed. Unit <clk_mod> generated.


=========================================================================
*                           HDL Synthesis                               *
=========================================================================

Performing bidirectional port resolution...

Synthesizing Unit <clk_mod>.
    Related source file is "E:/ISE/Trabajo/Frecuencimentro/RelojEscalado.vhd".
    Found 17-bit up counter for signal <contador>.
    Found 1-bit register for signal <temporal>.
    Summary:
	inferred   1 Counter(s).
	inferred   1 D-type flip-flop(s).
Unit <clk_mod> synthesized.


=========================================================================
HDL Synthesis Report

Macro Statistics
# Counters                                             : 1
 17-bit up counter                                     : 1
# Registers                                            : 1
 1-bit register                                        : 1

=========================================================================

=========================================================================
*                       Advanced HDL Synthesis                          *
=========================================================================


=========================================================================
Advanced HDL Synthesis Report

Macro Statistics
# Counters                                             : 1
 17-bit up counter                                     : 1
# Registers                                            : 1
 Flip-Flops                                            : 1

=========================================================================

=========================================================================
*                         Low Level Synthesis                           *
=========================================================================

Optimizing unit <clk_mod> ...

Mapping all equations...
Building and optimizing final netlist ...
Found area constraint ratio of 100 (+ 5) on block clk_mod, actual ratio is 1.

Final Macro Processing ...

=========================================================================
Final Register Report

Macro Statistics
# Registers                                            : 18
 Flip-Flops                                            : 18

=========================================================================

=========================================================================
*                           Partition Report                            *
=========================================================================

Partition Implementation Status
-------------------------------

  No Partitions were found in this design.

-------------------------------

=========================================================================
*                            Final Report                               *
=========================================================================
Final Results
RTL Top Level Output File Name     : clk_mod.ngr
Top Level Output File Name         : clk_mod
Output Format                      : NGC
Optimization Goal                  : Speed
Keep Hierarchy                     : No

Design Statistics
# IOs                              : 3

Cell Usage :
# BELS                             : 80
#      GND                         : 1
#      INV                         : 3
#      LUT1                        : 16
#      LUT2                        : 17
#      LUT4                        : 4
#      MUXCY                       : 21
#      VCC                         : 1
#      XORCY                       : 17
# FlipFlops/Latches                : 18
#      FDC                         : 17
#      FDCE                        : 1
# Clock Buffers                    : 1
#      BUFGP                       : 1
# IO Buffers                       : 2
#      IBUF                        : 1
#      OBUF                        : 1
=========================================================================

Device utilization summary:
---------------------------

Selected Device : 3s200ft256-5 

 Number of Slices:                       22  out of   1920     1%  
 Number of Slice Flip Flops:             18  out of   3840     0%  
 Number of 4 input LUTs:                 40  out of   3840     1%  
 Number of IOs:                           3
 Number of bonded IOBs:                   3  out of    173     1%  
 Number of GCLKs:                         1  out of      8    12%  

---------------------------
Partition Resource Summary:
---------------------------

  No Partitions were found in this design.

---------------------------


=========================================================================
TIMING REPORT

NOTE: THESE TIMING NUMBERS ARE ONLY A SYNTHESIS ESTIMATE.
      FOR ACCURATE TIMING INFORMATION PLEASE REFER TO THE TRACE REPORT
      GENERATED AFTER PLACE-and-ROUTE.

Clock Information:
------------------
-----------------------------------+------------------------+-------+
Clock Signal                       | Clock buffer(FF name)  | Load  |
-----------------------------------+------------------------+-------+
entrada                            | BUFGP                  | 18    |
-----------------------------------+------------------------+-------+

Asynchronous Control Signals Information:
----------------------------------------
-----------------------------------+------------------------+-------+
Control Signal                     | Buffer(FF name)        | Load  |
-----------------------------------+------------------------+-------+
reset                              | IBUF                   | 18    |
-----------------------------------+------------------------+-------+

Timing Summary:
---------------
Speed Grade: -5

   Minimum period: 5.649ns (Maximum Frequency: 177.013MHz)
   Minimum input arrival time before clock: No path found
   Maximum output required time after clock: 6.280ns
   Maximum combinational path delay: No path found

Timing Detail:
--------------
All values displayed in nanoseconds (ns)

=========================================================================
Timing constraint: Default period analysis for Clock 'entrada'
  Clock period: 5.649ns (frequency: 177.013MHz)
  Total number of paths / destination ports: 460 / 19
-------------------------------------------------------------------------
Delay:               5.649ns (Levels of Logic = 18)
  Source:            contador_1 (FF)
  Destination:       contador_16 (FF)
  Source Clock:      entrada rising
  Destination Clock: entrada rising

  Data Path: contador_1 to contador_16
                                Gate     Net
    Cell:in->out      fanout   Delay   Delay  Logical Name (Net Name)
    ----------------------------------------  ------------
     FDC:C->Q              2   0.626   1.040  contador_1 (contador_1)
     LUT1:I0->O            1   0.479   0.000  Mcount_contador_cy<1>_rt (Mcount_contador_cy<1>_rt)
     MUXCY:S->O            1   0.435   0.000  Mcount_contador_cy<1> (Mcount_contador_cy<1>)
     MUXCY:CI->O           1   0.056   0.000  Mcount_contador_cy<2> (Mcount_contador_cy<2>)
     MUXCY:CI->O           1   0.056   0.000  Mcount_contador_cy<3> (Mcount_contador_cy<3>)
     MUXCY:CI->O           1   0.056   0.000  Mcount_contador_cy<4> (Mcount_contador_cy<4>)
     MUXCY:CI->O           1   0.056   0.000  Mcount_contador_cy<5> (Mcount_contador_cy<5>)
     MUXCY:CI->O           1   0.056   0.000  Mcount_contador_cy<6> (Mcount_contador_cy<6>)
     MUXCY:CI->O           1   0.056   0.000  Mcount_contador_cy<7> (Mcount_contador_cy<7>)
     MUXCY:CI->O           1   0.056   0.000  Mcount_contador_cy<8> (Mcount_contador_cy<8>)
     MUXCY:CI->O           1   0.056   0.000  Mcount_contador_cy<9> (Mcount_contador_cy<9>)
     MUXCY:CI->O           1   0.056   0.000  Mcount_contador_cy<10> (Mcount_contador_cy<10>)
     MUXCY:CI->O           1   0.056   0.000  Mcount_contador_cy<11> (Mcount_contador_cy<11>)
     MUXCY:CI->O           1   0.056   0.000  Mcount_contador_cy<12> (Mcount_contador_cy<12>)
     MUXCY:CI->O           1   0.056   0.000  Mcount_contador_cy<13> (Mcount_contador_cy<13>)
     MUXCY:CI->O           1   0.056   0.000  Mcount_contador_cy<14> (Mcount_contador_cy<14>)
     MUXCY:CI->O           0   0.056   0.000  Mcount_contador_cy<15> (Mcount_contador_cy<15>)
     XORCY:CI->O           1   0.786   0.851  Mcount_contador_xor<16> (Result<16>)
     LUT2:I1->O            1   0.479   0.000  Mcount_contador_eqn_161 (Mcount_contador_eqn_16)
     FDC:D                     0.176          contador_16
    ----------------------------------------
    Total                      5.649ns (3.758ns logic, 1.891ns route)
                                       (66.5% logic, 33.5% route)

=========================================================================
Timing constraint: Default OFFSET OUT AFTER for Clock 'entrada'
  Total number of paths / destination ports: 1 / 1
-------------------------------------------------------------------------
Offset:              6.280ns (Levels of Logic = 1)
  Source:            temporal (FF)
  Destination:       salida (PAD)
  Source Clock:      entrada rising

  Data Path: temporal to salida
                                Gate     Net
    Cell:in->out      fanout   Delay   Delay  Logical Name (Net Name)
    ----------------------------------------  ------------
     FDCE:C->Q             2   0.626   0.745  temporal (temporal)
     OBUF:I->O                 4.909          salida_OBUF (salida)
    ----------------------------------------
    Total                      6.280ns (5.535ns logic, 0.745ns route)
                                       (88.1% logic, 11.9% route)

=========================================================================


Total REAL time to Xst completion: 6.00 secs
Total CPU time to Xst completion: 6.09 secs
 
--> 

Total memory usage is 180596 kilobytes

Number of errors   :    0 (   0 filtered)
Number of warnings :    0 (   0 filtered)
Number of infos    :    0 (   0 filtered)

