ISim log file
Running: D:\Descargas\Frecuencimentro - Presentacion\top_TB_isim_beh.exe -intstyle ise -gui -tclbatch isim.cmd -wdb D:/Descargas/Frecuencimentro - Presentacion/top_TB_isim_beh.wdb 
ISim P.20131013 (signature 0x7708f090)
----------------------------------------------------------------------
INFO:Security:51 - The XILINXD_LICENSE_FILE environment variable is not set.
INFO:Security:53 - The LM_LICENSE_FILE environment variable is not set.
INFO:Security:68a - user is Startic, on host STARTIC-TOSH.
WARNING:Security:43 - No license file was found in the standard Xilinx license directory.
WARNING:Security:44 - Since no license file was found,
       please run the Xilinx License Configuration Manager
       (xlcm or "Manage Xilinx Licenses")
       to assist in obtaining a license.
ERROR:Security:14 - No feature was available for 'ISIM'.

No such feature exists.
Feature:       ISIM
License path:  C:/.Xilinx;D:\XIL\14.7\ISE_DS\ISE\/coregen/core_licenses\Xilinx.lic;D:\XIL\14.7\ISE_DS\ISE\/coregen/core_licenses\XilinxFree.lic;D:\XIL\14.7\ISE_DS\EDK/data/core_licenses\Xilinx.lic;
FLEXnet Licensing error:-5,357
For further information, refer to the FLEXnet Licensing documentation,
available at "www.flexerasoftware.com".
----------------------------------------------------------------------
WARNING: A full ISim License cannot be checked out due to the issues listed above. Please use Xilinx License Configuration Manager to fix these issues in order to check out a full ISim license.
WARNING: ISim will run in Lite mode. Please refer to the ISim documentation for more information on the differences between the Lite and the Full version.
This is a Lite version of ISim.
Time resolution is 1 ps
# onerror resume
# wave add /
# run 1000 ns
Simulator is doing circuit initialization process.
at 0 ps, Instance /top_tb/uut/escalado/ : Warning: NUMERIC_STD."<": metavalue detected, returning FALSE
at 0 ps, Instance /top_tb/uut/escalado/ : Warning: NUMERIC_STD.TO_INTEGER: metavalue detected, returning 0
at 0 ps, Instance /top_tb/uut/escalado/ : Warning: NUMERIC_STD.TO_INTEGER: metavalue detected, returning 0
at 0 ps, Instance /top_tb/uut/escalado/conversor/ : Warning: There is an 'U'|'X'|'W'|'Z'|'-' in an arithmetic operand, the result will be 'X'(es).
Finished circuit initialization process.
# run 1,2s
Incorrect usage of command 'run'
Usage: run [ all | continue | <<time> [<unit>]> ]
for detailed help use 'help run'
# run 1.1s
